# JRE version: OpenJDK Runtime Environment (8.0_112-b06) (build 1.8.0_112-release-b06)
# Java VM: OpenJDK 64-Bit Server VM (25.112-b06 mixed mode linux-amd64 compressed oops)
Heap:
 PSYoungGen      total 393728K, used 0K [0x00000000e0000000, 0x00000000ff780000, 0x0000000100000000)
  eden space 276992K, 0% used [0x00000000e0000000,0x00000000e0000000,0x00000000f0e80000)
  from space 116736K, 0% used [0x00000000f0e80000,0x00000000f0e80000,0x00000000f8080000)
  to   space 111616K, 0% used [0x00000000f8a80000,0x00000000f8a80000,0x00000000ff780000)
 ParOldGen       total 226304K, used 187146K [0x00000000a0000000, 0x00000000add00000, 0x00000000e0000000)
  object space 226304K, 82% used [0x00000000a0000000,0x00000000ab6c2868,0x00000000add00000)
 Metaspace       used 84049K, capacity 92112K, committed 117160K, reserved 1153024K
  class space    used 10462K, capacity 11393K, committed 14512K, reserved 1048576K
GC Heap History (10 events):
Event: 8739,084 GC heap after
Heap after GC invocations=76 (full 5):
 PSYoungGen      total 317952K, used 64173K [0x00000000e0000000, 0x00000000ff080000, 0x0000000100000000)
  eden space 253440K, 0% used [0x00000000e0000000,0x00000000e0000000,0x00000000ef780000)
  from space 64512K, 99% used [0x00000000ef780000,0x00000000f362b530,0x00000000f3680000)
  to   space 127488K, 0% used [0x00000000f7400000,0x00000000f7400000,0x00000000ff080000)
 ParOldGen       total 226304K, used 141703K [0x00000000a0000000, 0x00000000add00000, 0x00000000e0000000)
  object space 226304K, 62% used [0x00000000a0000000,0x00000000a8a61d08,0x00000000add00000)
 Metaspace       used 84860K, capacity 92984K, committed 117160K, reserved 1153024K
  class space    used 10556K, capacity 11497K, committed 14512K, reserved 1048576K
}
Event: 8739,317 GC heap before
{Heap before GC invocations=77 (full 5):
 PSYoungGen      total 317952K, used 317613K [0x00000000e0000000, 0x00000000ff080000, 0x0000000100000000)
  eden space 253440K, 100% used [0x00000000e0000000,0x00000000ef780000,0x00000000ef780000)
  from space 64512K, 99% used [0x00000000ef780000,0x00000000f362b530,0x00000000f3680000)
  to   space 127488K, 0% used [0x00000000f7400000,0x00000000f7400000,0x00000000ff080000)
 ParOldGen       total 226304K, used 141703K [0x00000000a0000000, 0x00000000add00000, 0x00000000e0000000)
  object space 226304K, 62% used [0x00000000a0000000,0x00000000a8a61d08,0x00000000add00000)
 Metaspace       used 84865K, capacity 92984K, committed 117160K, reserved 1153024K
  class space    used 10556K, capacity 11497K, committed 14512K, reserved 1048576K
Event: 8739,350 GC heap after
Heap after GC invocations=77 (full 5):
 PSYoungGen      total 384000K, used 31752K [0x00000000e0000000, 0x0000000100000000, 0x0000000100000000)
  eden space 256512K, 0% used [0x00000000e0000000,0x00000000e0000000,0x00000000efa80000)
  from space 127488K, 24% used [0x00000000f7400000,0x00000000f93020a0,0x00000000ff080000)
  to   space 124416K, 0% used [0x00000000efa80000,0x00000000efa80000,0x00000000f7400000)
 ParOldGen       total 226304K, used 161434K [0x00000000a0000000, 0x00000000add00000, 0x00000000e0000000)
  object space 226304K, 71% used [0x00000000a0000000,0x00000000a9da6970,0x00000000add00000)
 Metaspace       used 84865K, capacity 92984K, committed 117160K, reserved 1153024K
  class space    used 10556K, capacity 11497K, committed 14512K, reserved 1048576K
}
Event: 8739,544 GC heap before
{Heap before GC invocations=78 (full 5):
 PSYoungGen      total 384000K, used 288264K [0x00000000e0000000, 0x0000000100000000, 0x0000000100000000)
  eden space 256512K, 100% used [0x00000000e0000000,0x00000000efa80000,0x00000000efa80000)
  from space 127488K, 24% used [0x00000000f7400000,0x00000000f93020a0,0x00000000ff080000)
  to   space 124416K, 0% used [0x00000000efa80000,0x00000000efa80000,0x00000000f7400000)
 ParOldGen       total 226304K, used 161434K [0x00000000a0000000, 0x00000000add00000, 0x00000000e0000000)
  object space 226304K, 71% used [0x00000000a0000000,0x00000000a9da6970,0x00000000add00000)
 Metaspace       used 84872K, capacity 92988K, committed 117160K, reserved 1153024K
  class space    used 10556K, capacity 11497K, committed 14512K, reserved 1048576K
Event: 8739,561 GC heap after
Heap after GC invocations=78 (full 5):
 PSYoungGen      total 380928K, used 17740K [0x00000000e0000000, 0x00000000ffa00000, 0x0000000100000000)
  eden space 256512K, 0% used [0x00000000e0000000,0x00000000e0000000,0x00000000efa80000)
  from space 124416K, 14% used [0x00000000efa80000,0x00000000f0bd3088,0x00000000f7400000)
  to   space 122880K, 0% used [0x00000000f8200000,0x00000000f8200000,0x00000000ffa00000)
 ParOldGen       total 226304K, used 168733K [0x00000000a0000000, 0x00000000add00000, 0x00000000e0000000)
  object space 226304K, 74% used [0x00000000a0000000,0x00000000aa4c7608,0x00000000add00000)
 Metaspace       used 84872K, capacity 92988K, committed 117160K, reserved 1153024K
  class space    used 10556K, capacity 11497K, committed 14512K, reserved 1048576K
}
Event: 8739,697 GC heap before
{Heap before GC invocations=79 (full 5):
 PSYoungGen      total 380928K, used 274252K [0x00000000e0000000, 0x00000000ffa00000, 0x0000000100000000)
  eden space 256512K, 100% used [0x00000000e0000000,0x00000000efa80000,0x00000000efa80000)
  from space 124416K, 14% used [0x00000000efa80000,0x00000000f0bd3088,0x00000000f7400000)
  to   space 122880K, 0% used [0x00000000f8200000,0x00000000f8200000,0x00000000ffa00000)
 ParOldGen       total 226304K, used 168733K [0x00000000a0000000, 0x00000000add00000, 0x00000000e0000000)
  object space 226304K, 74% used [0x00000000a0000000,0x00000000aa4c7608,0x00000000add00000)
 Metaspace       used 84875K, capacity 92988K, committed 117160K, reserved 1153024K
  class space    used 10556K, capacity 11497K, committed 14512K, reserved 1048576K
Event: 8739,725 GC heap after
Heap after GC invocations=79 (full 5):
 PSYoungGen      total 392192K, used 41407K [0x00000000e0000000, 0x00000000ff280000, 0x0000000100000000)
  eden space 276992K, 0% used [0x00000000e0000000,0x00000000e0000000,0x00000000f0e80000)
  from space 115200K, 35% used [0x00000000f8200000,0x00000000faa6ff88,0x00000000ff280000)
  to   space 116736K, 0% used [0x00000000f0e80000,0x00000000f0e80000,0x00000000f8080000)
 ParOldGen       total 226304K, used 184054K [0x00000000a0000000, 0x00000000add00000, 0x00000000e0000000)
  object space 226304K, 81% used [0x00000000a0000000,0x00000000ab3bd950,0x00000000add00000)
 Metaspace       used 84875K, capacity 92988K, committed 117160K, reserved 1153024K
  class space    used 10556K, capacity 11497K, committed 14512K, reserved 1048576K
}
Event: 8739,946 GC heap before
{Heap before GC invocations=80 (full 5):
 PSYoungGen      total 392192K, used 318399K [0x00000000e0000000, 0x00000000ff280000, 0x0000000100000000)
  eden space 276992K, 100% used [0x00000000e0000000,0x00000000f0e80000,0x00000000f0e80000)
  from space 115200K, 35% used [0x00000000f8200000,0x00000000faa6ff88,0x00000000ff280000)
  to   space 116736K, 0% used [0x00000000f0e80000,0x00000000f0e80000,0x00000000f8080000)
 ParOldGen       total 226304K, used 184324K [0x00000000a0000000, 0x00000000add00000, 0x00000000e0000000)
  object space 226304K, 81% used [0x00000000a0000000,0x00000000ab401028,0x00000000add00000)
 Metaspace       used 84875K, capacity 92988K, committed 117160K, reserved 1153024K
  class space    used 10556K, capacity 11497K, committed 14512K, reserved 1048576K
Event: 8740,004 GC heap after
Heap after GC invocations=80 (full 5):
 PSYoungGen      total 393728K, used 52052K [0x00000000e0000000, 0x00000000ff780000, 0x0000000100000000)
  eden space 276992K, 0% used [0x00000000e0000000,0x00000000e0000000,0x00000000f0e80000)
  from space 116736K, 44% used [0x00000000f0e80000,0x00000000f4155350,0x00000000f8080000)
  to   space 111616K, 0% used [0x00000000f8a80000,0x00000000f8a80000,0x00000000ff780000)
 ParOldGen       total 226304K, used 223126K [0x00000000a0000000, 0x00000000add00000, 0x00000000e0000000)
  object space 226304K, 98% used [0x00000000a0000000,0x00000000ad9e58f0,0x00000000add00000)
 Metaspace       used 84875K, capacity 92988K, committed 117160K, reserved 1153024K
  class space    used 10556K, capacity 11497K, committed 14512K, reserved 1048576K
}
Event: 8740,004 GC heap before
{Heap before GC invocations=81 (full 6):
 PSYoungGen      total 393728K, used 52052K [0x00000000e0000000, 0x00000000ff780000, 0x0000000100000000)
  eden space 276992K, 0% used [0x00000000e0000000,0x00000000e0000000,0x00000000f0e80000)
  from space 116736K, 44% used [0x00000000f0e80000,0x00000000f4155350,0x00000000f8080000)
  to   space 111616K, 0% used [0x00000000f8a80000,0x00000000f8a80000,0x00000000ff780000)
 ParOldGen       total 226304K, used 223126K [0x00000000a0000000, 0x00000000add00000, 0x00000000e0000000)
  object space 226304K, 98% used [0x00000000a0000000,0x00000000ad9e58f0,0x00000000add00000)
 Metaspace       used 84875K, capacity 92988K, committed 117160K, reserved 1153024K
  class space    used 10556K, capacity 11497K, committed 14512K, reserved 1048576K

